-------------------------------------------------------------------------------
Test set: com.boot.ShipwreckControllerTest
-------------------------------------------------------------------------------
Tests run: 2, Failures: 1, Errors: 0, Skipped: 0, Time elapsed: 0.151 sec <<< FAILURE! - in com.boot.ShipwreckControllerTest
testShipwrecksDelete(com.boot.ShipwreckControllerTest)  Time elapsed: 0.01 sec  <<< FAILURE!
org.mockito.exceptions.verification.junit.ArgumentsAreDifferent: 
Argument(s) are different! Wanted:
shipwreckRepository.delete(
    1
);
-> at com.boot.ShipwreckControllerTest.testShipwrecksDelete(ShipwreckControllerTest.java:51)
Actual invocation has different arguments:
shipwreckRepository.delete(
    com.boot.model.Shipwreck@2e4b8173
);
-> at com.boot.controller.ShipwreckController.delete(ShipwreckController.java:35)

	at sun.reflect.NativeConstructorAccessorImpl.newInstance0(Native Method)
	at sun.reflect.NativeConstructorAccessorImpl.newInstance(NativeConstructorAccessorImpl.java:62)
	at sun.reflect.DelegatingConstructorAccessorImpl.newInstance(DelegatingConstructorAccessorImpl.java:45)
	at java.lang.reflect.Constructor.newInstance(Constructor.java:423)
	at com.boot.ShipwreckControllerTest.testShipwrecksDelete(ShipwreckControllerTest.java:51)

