<?xml version="1.0" encoding="UTF-8"?>
<testsuite name="com.boot.ShipwreckControllerTest" time="0.15" tests="2" errors="0" skipped="0" failures="1">
  <properties>
[...]
</properties>
  <testcase name="testShipwreckGet" classname="com.boot.ShipwreckControllerTest" time="0.14"/>
  <testcase name="testShipwrecksDelete" classname="com.boot.ShipwreckControllerTest" time="0.01">
    <failure message="&#10;Argument(s) are different! Wanted:&#10;shipwreckRepository.delete(&#10;    1&#10;);&#10;-&gt; at com.boot.ShipwreckControllerTest.testShipwrecksDelete(ShipwreckControllerTest.java:51)&#10;Actual invocation has different arguments:&#10;shipwreckRepository.delete(&#10;    com.boot.model.Shipwreck@2e4b8173&#10;);&#10;-&gt; at com.boot.controller.ShipwreckController.delete(ShipwreckController.java:35)&#10;" type="org.mockito.exceptions.verification.junit.ArgumentsAreDifferent">org.mockito.exceptions.verification.junit.ArgumentsAreDifferent: 
Argument(s) are different! Wanted:
shipwreckRepository.delete(
    1
);
-> at com.boot.ShipwreckControllerTest.testShipwrecksDelete(ShipwreckControllerTest.java:51)
Actual invocation has different arguments:
shipwreckRepository.delete(
    com.boot.model.Shipwreck@2e4b8173
);
-> at com.boot.controller.ShipwreckController.delete(ShipwreckController.java:35)

	at sun.reflect.NativeConstructorAccessorImpl.newInstance0(Native Method)
	at sun.reflect.NativeConstructorAccessorImpl.newInstance(NativeConstructorAccessorImpl.java:62)
	at sun.reflect.DelegatingConstructorAccessorImpl.newInstance(DelegatingConstructorAccessorImpl.java:45)
	at java.lang.reflect.Constructor.newInstance(Constructor.java:423)
	at com.boot.ShipwreckControllerTest.testShipwrecksDelete(ShipwreckControllerTest.java:51)
</failure>
  </testcase>
</testsuite>